# JRE version: Java(TM) SE Runtime Environment (17.0.12+8) (build 17.0.12+8-LTS-286)
# Java VM: Java HotSpot(TM) 64-Bit Server VM (17.0.12+8-LTS-286, mixed mode, sharing, tiered, compressed oops, compressed class ptrs, g1 gc, windows-amd64)
GC Precious Log:
 CPUs: 12 total, 12 available
 Memory: 7884M
 Large Page Support: Disabled
 NUMA Support: Disabled
 Compressed Oops: Enabled (32-bit)
 Heap Region Size: 1M
 Heap Min Capacity: 8M
 Heap Initial Capacity: 124M
 Heap Max Capacity: 1972M
 Pre-touch: Disabled
 Parallel Workers: 10
 Concurrent Workers: 3
 Concurrent Refinement Workers: 10
 Periodic GC: Disabled
Heap:
 garbage-first heap   total 142336K, used 46080K [0x0000000084c00000, 0x0000000100000000)
  region size 1024K, 22 young (22528K), 3 survivors (3072K)
 Metaspace       used 27568K, committed 27840K, reserved 1114112K
  class space    used 3260K, committed 3392K, reserved 1048576K
GC Heap History (12 events):
Event: 1.006 GC heap before
{Heap before GC invocations=0 (full 0):
 garbage-first heap   total 126976K, used 22528K [0x0000000084c00000, 0x0000000100000000)
  region size 1024K, 23 young (23552K), 0 survivors (0K)
 Metaspace       used 5433K, committed 5632K, reserved 1114112K
  class space    used 656K, committed 768K, reserved 1048576K
}
Event: 1.018 GC heap after
{Heap after GC invocations=1 (full 0):
 garbage-first heap   total 126976K, used 3672K [0x0000000084c00000, 0x0000000100000000)
  region size 1024K, 3 young (3072K), 3 survivors (3072K)
 Metaspace       used 5433K, committed 5632K, reserved 1114112K
  class space    used 656K, committed 768K, reserved 1048576K
}
Event: 1.943 GC heap before
{Heap before GC invocations=1 (full 0):
 garbage-first heap   total 126976K, used 34392K [0x0000000084c00000, 0x0000000100000000)
  region size 1024K, 33 young (33792K), 3 survivors (3072K)
 Metaspace       used 9455K, committed 9600K, reserved 1114112K
  class space    used 1148K, committed 1216K, reserved 1048576K
}
Event: 1.952 GC heap after
{Heap after GC invocations=2 (full 0):
 garbage-first heap   total 126976K, used 5201K [0x0000000084c00000, 0x0000000100000000)
  region size 1024K, 2 young (2048K), 2 survivors (2048K)
 Metaspace       used 9455K, committed 9600K, reserved 1114112K
  class space    used 1148K, committed 1216K, reserved 1048576K
}
Event: 4.455 GC heap before
{Heap before GC invocations=2 (full 0):
 garbage-first heap   total 126976K, used 80977K [0x0000000084c00000, 0x0000000100000000)
  region size 1024K, 73 young (74752K), 2 survivors (2048K)
 Metaspace       used 21334K, committed 21504K, reserved 1114112K
  class space    used 2617K, committed 2688K, reserved 1048576K
}
Event: 4.478 GC heap after
{Heap after GC invocations=3 (full 0):
 garbage-first heap   total 126976K, used 17828K [0x0000000084c00000, 0x0000000100000000)
  region size 1024K, 10 young (10240K), 10 survivors (10240K)
 Metaspace       used 21334K, committed 21504K, reserved 1114112K
  class space    used 2617K, committed 2688K, reserved 1048576K
}
Event: 5.202 GC heap before
{Heap before GC invocations=4 (full 0):
 garbage-first heap   total 65536K, used 46500K [0x0000000084c00000, 0x0000000100000000)
  region size 1024K, 38 young (38912K), 10 survivors (10240K)
 Metaspace       used 24858K, committed 25088K, reserved 1114112K
  class space    used 2982K, committed 3072K, reserved 1048576K
}
Event: 5.239 GC heap after
{Heap after GC invocations=5 (full 0):
 garbage-first heap   total 65536K, used 21827K [0x0000000084c00000, 0x0000000100000000)
  region size 1024K, 5 young (5120K), 5 survivors (5120K)
 Metaspace       used 24858K, committed 25088K, reserved 1114112K
  class space    used 2982K, committed 3072K, reserved 1048576K
}
Event: 5.250 GC heap before
{Heap before GC invocations=5 (full 0):
 garbage-first heap   total 65536K, used 22851K [0x0000000084c00000, 0x0000000100000000)
  region size 1024K, 6 young (6144K), 5 survivors (5120K)
 Metaspace       used 24863K, committed 25088K, reserved 1114112K
  class space    used 2982K, committed 3072K, reserved 1048576K
}
Event: 5.263 GC heap after
{Heap after GC invocations=6 (full 0):
 garbage-first heap   total 65536K, used 23040K [0x0000000084c00000, 0x0000000100000000)
  region size 1024K, 1 young (1024K), 1 survivors (1024K)
 Metaspace       used 24863K, committed 25088K, reserved 1114112K
  class space    used 2982K, committed 3072K, reserved 1048576K
}
Event: 6.263 GC heap before
{Heap before GC invocations=6 (full 0):
 garbage-first heap   total 65536K, used 46592K [0x0000000084c00000, 0x0000000100000000)
  region size 1024K, 23 young (23552K), 1 survivors (1024K)
 Metaspace       used 26856K, committed 27072K, reserved 1114112K
  class space    used 3205K, committed 3328K, reserved 1048576K
}
Event: 6.282 GC heap after
{Heap after GC invocations=7 (full 0):
 garbage-first heap   total 142336K, used 27648K [0x0000000084c00000, 0x0000000100000000)
  region size 1024K, 3 young (3072K), 3 survivors (3072K)
 Metaspace       used 26856K, committed 27072K, reserved 1114112K
  class space    used 3205K, committed 3328K, reserved 1048576K
}

